Сборка начата 17.03.2022 17:17:31.
Уровень детализации журнала: Normal.     1>Проект "F:\лабы\ОАиП\7 лаба\3 вариант(версия2)\oaip_lab7v3_v2\oaip_lab7v3_v2\oaip_lab7v3_v2.vcxproj" в узле 2 (целевые объекты Build).
     1>InitializeBuildStatus:
         Создание "Debug\oaip_lab7v3_v2.tlog\unsuccessfulbuild", так как было задано "AlwaysCreate".
       ClCompile:
         C:\Program Files (x86)\Microsoft Visual Studio\2019\Community\VC\Tools\MSVC\14.29.30133\bin\HostX86\x86\CL.exe /c /ZI /JMC /nologo /W3 /WX- /diagnostics:column /sdl /Od /Oy- /D WIN32 /D _DEBUG /D _CONSOLE /D _UNICODE /D UNICODE /Gm- /EHsc /RTC1 /MDd /GS /fp:precise /permissive- /Zc:wchar_t /Zc:forScope /Zc:inline /Fo"Debug\\" /Fd"Debug\vc142.pdb" /external:W3 /Gd /TP /analyze- /FC /errorReport:prompt oaip_lab7v3_v2.cpp
         oaip_lab7v3_v2.cpp
     1>F:\лабы\ОАиП\7 лаба\3 вариант(версия2)\oaip_lab7v3_v2\oaip_lab7v3_v2\oaip_lab7v3_v2.cpp(34,21): warning C4101: position: неиспользованная локальная переменная
       Link:
         C:\Program Files (x86)\Microsoft Visual Studio\2019\Community\VC\Tools\MSVC\14.29.30133\bin\HostX86\x86\link.exe /ERRORREPORT:PROMPT /OUT:"F:\лабы\ОАиП\7 лаба\3 вариант(версия2)\oaip_lab7v3_v2\Debug\oaip_lab7v3_v2.exe" /INCREMENTAL /ILK:"Debug\oaip_lab7v3_v2.ilk" /NOLOGO kernel32.lib user32.lib gdi32.lib winspool.lib comdlg32.lib advapi32.lib shell32.lib ole32.lib oleaut32.lib uuid.lib odbc32.lib odbccp32.lib /MANIFEST /MANIFESTUAC:"level='asInvoker' uiAccess='false'" /manifest:embed /DEBUG /PDB:"F:\лабы\ОАиП\7 лаба\3 вариант(версия2)\oaip_lab7v3_v2\Debug\oaip_lab7v3_v2.pdb" /SUBSYSTEM:CONSOLE /TLBID:1 /DYNAMICBASE /NXCOMPAT /IMPLIB:"F:\лабы\ОАиП\7 лаба\3 вариант(версия2)\oaip_lab7v3_v2\Debug\oaip_lab7v3_v2.lib" /MACHINE:X86 Debug\oaip_lab7v3_v2.obj
         Debug\stack.obj
         oaip_lab7v3_v2.vcxproj -> F:\лабы\ОАиП\7 лаба\3 вариант(версия2)\oaip_lab7v3_v2\Debug\oaip_lab7v3_v2.exe
       FinalizeBuildStatus:
         Файл "Debug\oaip_lab7v3_v2.tlog\unsuccessfulbuild" удаляется.
         Обращение к "Debug\oaip_lab7v3_v2.tlog\oaip_lab7v3_v2.lastbuildstate".
     1>Сборка проекта "F:\лабы\ОАиП\7 лаба\3 вариант(версия2)\oaip_lab7v3_v2\oaip_lab7v3_v2\oaip_lab7v3_v2.vcxproj" завершена (целевые объекты Build).

Сборка успешно завершена.

       "F:\лабы\ОАиП\7 лаба\3 вариант(версия2)\oaip_lab7v3_v2\oaip_lab7v3_v2\oaip_lab7v3_v2.vcxproj" (целевой объект Build ) (1) ->
       (Целевой объект ClCompile) -> 
         F:\лабы\ОАиП\7 лаба\3 вариант(версия2)\oaip_lab7v3_v2\oaip_lab7v3_v2\oaip_lab7v3_v2.cpp(34,21): warning C4101: position: неиспользованная локальная переменная

    Предупреждений: 1
    Ошибок: 0

Прошло времени 00:00:00.78
