Сборка начата 30.03.2022 23:39:46.
Уровень детализации журнала: Normal.     1>Проект "F:\лабы\ОАиП\9 лаба\1 доп\oaio_lab9_dop1\oaio_lab9_dop1\oaio_lab9_dop1.vcxproj" в узле 2 (целевые объекты Build).
     1>InitializeBuildStatus:
         Создание "Debug\oaio_lab9_dop1.tlog\unsuccessfulbuild", так как было задано "AlwaysCreate".
       ClCompile:
         C:\Program Files (x86)\Microsoft Visual Studio\2019\Community\VC\Tools\MSVC\14.29.30133\bin\HostX86\x86\CL.exe /c /ZI /JMC /nologo /W3 /WX- /diagnostics:column /sdl /Od /Oy- /D WIN32 /D _DEBUG /D _CONSOLE /D _UNICODE /D UNICODE /Gm- /EHsc /RTC1 /MDd /GS /fp:precise /permissive- /Zc:wchar_t /Zc:forScope /Zc:inline /Fo"Debug\\" /Fd"Debug\vc142.pdb" /external:W3 /Gd /TP /analyze- /FC /errorReport:prompt oaio_lab9_dop1.cpp
         oaio_lab9_dop1.cpp
     1>F:\лабы\ОАиП\9 лаба\1 доп\oaio_lab9_dop1\oaio_lab9_dop1\oaio_lab9_dop1.cpp(145,7): warning C4101: s: неиспользованная локальная переменная
     1>F:\лабы\ОАиП\9 лаба\1 доп\oaio_lab9_dop1\oaio_lab9_dop1\oaio_lab9_dop1.cpp(145,18): warning C4101: c: неиспользованная локальная переменная
       Link:
         C:\Program Files (x86)\Microsoft Visual Studio\2019\Community\VC\Tools\MSVC\14.29.30133\bin\HostX86\x86\link.exe /ERRORREPORT:PROMPT /OUT:"F:\лабы\ОАиП\9 лаба\1 доп\oaio_lab9_dop1\Debug\oaio_lab9_dop1.exe" /INCREMENTAL /ILK:"Debug\oaio_lab9_dop1.ilk" /NOLOGO kernel32.lib user32.lib gdi32.lib winspool.lib comdlg32.lib advapi32.lib shell32.lib ole32.lib oleaut32.lib uuid.lib odbc32.lib odbccp32.lib /MANIFEST /MANIFESTUAC:"level='asInvoker' uiAccess='false'" /manifest:embed /DEBUG /PDB:"F:\лабы\ОАиП\9 лаба\1 доп\oaio_lab9_dop1\Debug\oaio_lab9_dop1.pdb" /SUBSYSTEM:CONSOLE /TLBID:1 /DYNAMICBASE /NXCOMPAT /IMPLIB:"F:\лабы\ОАиП\9 лаба\1 доп\oaio_lab9_dop1\Debug\oaio_lab9_dop1.lib" /MACHINE:X86 Debug\oaio_lab9_dop1.obj
         oaio_lab9_dop1.vcxproj -> F:\лабы\ОАиП\9 лаба\1 доп\oaio_lab9_dop1\Debug\oaio_lab9_dop1.exe
       FinalizeBuildStatus:
         Файл "Debug\oaio_lab9_dop1.tlog\unsuccessfulbuild" удаляется.
         Обращение к "Debug\oaio_lab9_dop1.tlog\oaio_lab9_dop1.lastbuildstate".
     1>Сборка проекта "F:\лабы\ОАиП\9 лаба\1 доп\oaio_lab9_dop1\oaio_lab9_dop1\oaio_lab9_dop1.vcxproj" завершена (целевые объекты Build).

Сборка успешно завершена.

       "F:\лабы\ОАиП\9 лаба\1 доп\oaio_lab9_dop1\oaio_lab9_dop1\oaio_lab9_dop1.vcxproj" (целевой объект Build ) (1) ->
       (Целевой объект ClCompile) -> 
         F:\лабы\ОАиП\9 лаба\1 доп\oaio_lab9_dop1\oaio_lab9_dop1\oaio_lab9_dop1.cpp(145,7): warning C4101: s: неиспользованная локальная переменная
         F:\лабы\ОАиП\9 лаба\1 доп\oaio_lab9_dop1\oaio_lab9_dop1\oaio_lab9_dop1.cpp(145,18): warning C4101: c: неиспользованная локальная переменная

    Предупреждений: 2
    Ошибок: 0

Прошло времени 00:00:00.63
