Сборка начата 12.05.2022 18:11:15.
Уровень детализации журнала: Normal.     1>Проект "F:\пусть будет\оаип 2 сем\OAP_Labs_2sem-master\OAP_Labs_2sem-master\Lab17_1\Lab17_1\Lab17_1.vcxproj" в узле 2 (целевые объекты Build).
     1>InitializeBuildStatus:
         Создание "x64\Debug\Lab17_1.tlog\unsuccessfulbuild", так как было задано "AlwaysCreate".
       ClCompile:
         C:\Program Files (x86)\Microsoft Visual Studio\2019\Community\VC\Tools\MSVC\14.29.30133\bin\HostX86\x64\CL.exe /c /ZI /JMC /nologo /W3 /WX- /diagnostics:column /sdl /Od /D _DEBUG /D _CONSOLE /D _UNICODE /D UNICODE /Gm- /EHsc /RTC1 /MDd /GS /fp:precise /permissive- /Zc:wchar_t /Zc:forScope /Zc:inline /Fo"x64\Debug\\" /Fd"x64\Debug\vc142.pdb" /external:W3 /Gd /TP /FC /errorReport:prompt Lab17_1.cpp
         Lab17_1.cpp
     1>F:\пусть будет\оаип 2 сем\OAP_Labs_2sem-master\OAP_Labs_2sem-master\Lab17_1\Lab17_1\Lab17_1.cpp(10,13): warning C4326: возвращаемый тип "main" должен быть "int", а не "void"
     1>F:\пусть будет\оаип 2 сем\OAP_Labs_2sem-master\OAP_Labs_2sem-master\Lab17_1\Lab17_1\Lab17_1.cpp(14,12): warning C4244: аргумент: преобразование "time_t" в "unsigned int", возможна потеря данных
       Link:
         C:\Program Files (x86)\Microsoft Visual Studio\2019\Community\VC\Tools\MSVC\14.29.30133\bin\HostX86\x64\link.exe /ERRORREPORT:PROMPT /OUT:"F:\пусть будет\оаип 2 сем\OAP_Labs_2sem-master\OAP_Labs_2sem-master\Lab17_1\x64\Debug\Lab17_1.exe" /INCREMENTAL /ILK:"x64\Debug\Lab17_1.ilk" /NOLOGO kernel32.lib user32.lib gdi32.lib winspool.lib comdlg32.lib advapi32.lib shell32.lib ole32.lib oleaut32.lib uuid.lib odbc32.lib odbccp32.lib /MANIFEST /MANIFESTUAC:"level='asInvoker' uiAccess='false'" /manifest:embed /DEBUG /PDB:"F:\пусть будет\оаип 2 сем\OAP_Labs_2sem-master\OAP_Labs_2sem-master\Lab17_1\x64\Debug\Lab17_1.pdb" /SUBSYSTEM:CONSOLE /TLBID:1 /DYNAMICBASE /NXCOMPAT /IMPLIB:"F:\пусть будет\оаип 2 сем\OAP_Labs_2sem-master\OAP_Labs_2sem-master\Lab17_1\x64\Debug\Lab17_1.lib" /MACHINE:X64 x64\Debug\Lab17_1.obj
         Lab17_1.vcxproj -> F:\пусть будет\оаип 2 сем\OAP_Labs_2sem-master\OAP_Labs_2sem-master\Lab17_1\x64\Debug\Lab17_1.exe
       FinalizeBuildStatus:
         Файл "x64\Debug\Lab17_1.tlog\unsuccessfulbuild" удаляется.
         Обращение к "x64\Debug\Lab17_1.tlog\Lab17_1.lastbuildstate".
     1>Сборка проекта "F:\пусть будет\оаип 2 сем\OAP_Labs_2sem-master\OAP_Labs_2sem-master\Lab17_1\Lab17_1\Lab17_1.vcxproj" завершена (целевые объекты Build).

Сборка успешно завершена.

       "F:\пусть будет\оаип 2 сем\OAP_Labs_2sem-master\OAP_Labs_2sem-master\Lab17_1\Lab17_1\Lab17_1.vcxproj" (целевой объект Build ) (1) ->
       (Целевой объект ClCompile) -> 
         F:\пусть будет\оаип 2 сем\OAP_Labs_2sem-master\OAP_Labs_2sem-master\Lab17_1\Lab17_1\Lab17_1.cpp(10,13): warning C4326: возвращаемый тип "main" должен быть "int", а не "void"
         F:\пусть будет\оаип 2 сем\OAP_Labs_2sem-master\OAP_Labs_2sem-master\Lab17_1\Lab17_1\Lab17_1.cpp(14,12): warning C4244: аргумент: преобразование "time_t" в "unsigned int", возможна потеря данных

    Предупреждений: 2
    Ошибок: 0

Прошло времени 00:00:01.05
