Сборка начата 14.04.2022 2:43:17.
Уровень детализации журнала: Normal.     1>Проект "F:\лабы\ОАиП\12 лаба\oaip_lab12_dop1\oaip_lab12_dop1\oaip_lab12_dop1.vcxproj" в узле 2 (целевые объекты Build).
     1>PrepareForBuild:
         Создание каталога "F:\лабы\ОАиП\12 лаба\oaip_lab12_dop1\Debug\".
         Создание каталога "Debug\oaip_lab12_dop1.tlog\".
       InitializeBuildStatus:
         Создание "Debug\oaip_lab12_dop1.tlog\unsuccessfulbuild", так как было задано "AlwaysCreate".
       ClCompile:
         C:\Program Files (x86)\Microsoft Visual Studio\2019\Community\VC\Tools\MSVC\14.29.30133\bin\HostX86\x86\CL.exe /c /ZI /JMC /nologo /W3 /WX- /diagnostics:column /sdl /Od /Oy- /D WIN32 /D _DEBUG /D _CONSOLE /D _UNICODE /D UNICODE /Gm- /EHsc /RTC1 /MDd /GS /fp:precise /permissive- /Zc:wchar_t /Zc:forScope /Zc:inline /Fo"Debug\\" /Fd"Debug\vc142.pdb" /external:W3 /Gd /TP /analyze- /FC /errorReport:prompt oaip_lab12_dop1.cpp
         oaip_lab12_dop1.cpp
     1>F:\лабы\ОАиП\12 лаба\oaip_lab12_dop1\oaip_lab12_dop1\oaip_lab12_dop1.cpp(25,1): warning C4326: возвращаемый тип "main" должен быть "int", а не "void"
     1>F:\лабы\ОАиП\12 лаба\oaip_lab12_dop1\oaip_lab12_dop1\oaip_lab12_dop1.cpp(28,8): warning C4101: rc: неиспользованная локальная переменная
     1>F:\лабы\ОАиП\12 лаба\oaip_lab12_dop1\oaip_lab12_dop1\oaip_lab12_dop1.cpp(27,19): warning C4101: n: неиспользованная локальная переменная
       Link:
         C:\Program Files (x86)\Microsoft Visual Studio\2019\Community\VC\Tools\MSVC\14.29.30133\bin\HostX86\x86\link.exe /ERRORREPORT:PROMPT /OUT:"F:\лабы\ОАиП\12 лаба\oaip_lab12_dop1\Debug\oaip_lab12_dop1.exe" /INCREMENTAL /ILK:"Debug\oaip_lab12_dop1.ilk" /NOLOGO kernel32.lib user32.lib gdi32.lib winspool.lib comdlg32.lib advapi32.lib shell32.lib ole32.lib oleaut32.lib uuid.lib odbc32.lib odbccp32.lib /MANIFEST /MANIFESTUAC:"level='asInvoker' uiAccess='false'" /manifest:embed /DEBUG /PDB:"F:\лабы\ОАиП\12 лаба\oaip_lab12_dop1\Debug\oaip_lab12_dop1.pdb" /SUBSYSTEM:CONSOLE /TLBID:1 /DYNAMICBASE /NXCOMPAT /IMPLIB:"F:\лабы\ОАиП\12 лаба\oaip_lab12_dop1\Debug\oaip_lab12_dop1.lib" /MACHINE:X86 Debug\oaip_lab12_dop1.obj
         oaip_lab12_dop1.vcxproj -> F:\лабы\ОАиП\12 лаба\oaip_lab12_dop1\Debug\oaip_lab12_dop1.exe
       FinalizeBuildStatus:
         Файл "Debug\oaip_lab12_dop1.tlog\unsuccessfulbuild" удаляется.
         Обращение к "Debug\oaip_lab12_dop1.tlog\oaip_lab12_dop1.lastbuildstate".
     1>Сборка проекта "F:\лабы\ОАиП\12 лаба\oaip_lab12_dop1\oaip_lab12_dop1\oaip_lab12_dop1.vcxproj" завершена (целевые объекты Build).

Сборка успешно завершена.

       "F:\лабы\ОАиП\12 лаба\oaip_lab12_dop1\oaip_lab12_dop1\oaip_lab12_dop1.vcxproj" (целевой объект Build ) (1) ->
       (Целевой объект ClCompile) -> 
         F:\лабы\ОАиП\12 лаба\oaip_lab12_dop1\oaip_lab12_dop1\oaip_lab12_dop1.cpp(25,1): warning C4326: возвращаемый тип "main" должен быть "int", а не "void"
         F:\лабы\ОАиП\12 лаба\oaip_lab12_dop1\oaip_lab12_dop1\oaip_lab12_dop1.cpp(28,8): warning C4101: rc: неиспользованная локальная переменная
         F:\лабы\ОАиП\12 лаба\oaip_lab12_dop1\oaip_lab12_dop1\oaip_lab12_dop1.cpp(27,19): warning C4101: n: неиспользованная локальная переменная

    Предупреждений: 3
    Ошибок: 0

Прошло времени 00:00:01.16
