Сборка начата 21.04.2022 18:40:05.
Уровень детализации журнала: Normal.     1>Проект "F:\лабы\ОАиП\14 лаба\Lab14_1\Lab14_1\Lab14_1.vcxproj" в узле 2 (целевые объекты Build).
     1>InitializeBuildStatus:
         Создание "x64\Debug\Lab14_1.tlog\unsuccessfulbuild", так как было задано "AlwaysCreate".
       ClCompile:
         C:\Program Files (x86)\Microsoft Visual Studio\2019\Community\VC\Tools\MSVC\14.29.30133\bin\HostX86\x64\CL.exe /c /ZI /JMC /nologo /W3 /WX- /diagnostics:column /sdl /Od /D _DEBUG /D _CONSOLE /D _UNICODE /D UNICODE /Gm- /EHsc /RTC1 /MDd /GS /fp:precise /permissive- /Zc:wchar_t /Zc:forScope /Zc:inline /Fo"x64\Debug\\" /Fd"x64\Debug\vc142.pdb" /external:W3 /Gd /TP /FC /errorReport:prompt Lab14_1.cpp Source.cpp
         Lab14_1.cpp
         Source.cpp
         Создание кода...
       Link:
         C:\Program Files (x86)\Microsoft Visual Studio\2019\Community\VC\Tools\MSVC\14.29.30133\bin\HostX86\x64\link.exe /ERRORREPORT:PROMPT /OUT:"F:\лабы\ОАиП\14 лаба\Lab14_1\x64\Debug\Lab14_1.exe" /INCREMENTAL /ILK:"x64\Debug\Lab14_1.ilk" /NOLOGO kernel32.lib user32.lib gdi32.lib winspool.lib comdlg32.lib advapi32.lib shell32.lib ole32.lib oleaut32.lib uuid.lib odbc32.lib odbccp32.lib /MANIFEST /MANIFESTUAC:"level='asInvoker' uiAccess='false'" /manifest:embed /DEBUG /PDB:"F:\лабы\ОАиП\14 лаба\Lab14_1\x64\Debug\Lab14_1.pdb" /SUBSYSTEM:CONSOLE /TLBID:1 /DYNAMICBASE /NXCOMPAT /IMPLIB:"F:\лабы\ОАиП\14 лаба\Lab14_1\x64\Debug\Lab14_1.lib" /MACHINE:X64 x64\Debug\Lab14_1.obj
         x64\Debug\Source.obj
         Lab14_1.vcxproj -> F:\лабы\ОАиП\14 лаба\Lab14_1\x64\Debug\Lab14_1.exe
       FinalizeBuildStatus:
         Файл "x64\Debug\Lab14_1.tlog\unsuccessfulbuild" удаляется.
         Обращение к "x64\Debug\Lab14_1.tlog\Lab14_1.lastbuildstate".
     1>Сборка проекта "F:\лабы\ОАиП\14 лаба\Lab14_1\Lab14_1\Lab14_1.vcxproj" завершена (целевые объекты Build).

Сборка успешно завершена.
    Предупреждений: 0
    Ошибок: 0

Прошло времени 00:00:02.41
